Dump from Source/commands.cpp:92
Error type: SimpleDump
* [1]
  [NONE] 
  [NONE] 
  [NONE] 
  [NONE] 
  [NONE] 
  [NONE] 
  [NONE] 

--------------------------------------------------------------------------------
Dump from Source/commands.cpp:92
Error type: SimpleDump
  [NONE] 
  [NONE] 
  [NONE] 
  [NONE] 
  [NONE] 
  [NONE] 
  [NONE] 
  [NONE] 

--------------------------------------------------------------------------------
Dump from Source/commands.cpp:92
Error type: SimpleDump
* [-4]
  [NONE] 
  [NONE] 
  [NONE] 
  [NONE] 
  [NONE] 
  [NONE] 
  [NONE] 

--------------------------------------------------------------------------------
Dump from Source/commands.cpp:92
Error type: SimpleDump
  [NONE] 
  [NONE] 
  [NONE] 
  [NONE] 
  [NONE] 
  [NONE] 
  [NONE] 
  [NONE] 

--------------------------------------------------------------------------------
Dump from Source/commands.cpp:92
Error type: SimpleDump
* [3]
  [NONE] 
  [NONE] 
  [NONE] 
  [NONE] 
  [NONE] 
  [NONE] 
  [NONE] 

--------------------------------------------------------------------------------
Dump from Source/commands.cpp:92
Error type: SimpleDump
  [NONE] 
  [NONE] 
  [NONE] 
  [NONE] 
  [NONE] 
  [NONE] 
  [NONE] 
  [NONE] 

--------------------------------------------------------------------------------
Dump from Source/commands.cpp:92
Error type: SimpleDump
* [0]
  [NONE] 
  [NONE] 
  [NONE] 
  [NONE] 
  [NONE] 
  [NONE] 
  [NONE] 

--------------------------------------------------------------------------------
Dump from Source/commands.cpp:92
Error type: SimpleDump
* [0]
* [1]
  [NONE] 
  [NONE] 
  [NONE] 
  [NONE] 
  [NONE] 
  [NONE] 

--------------------------------------------------------------------------------
Dump from Source/commands.cpp:92
Error type: SimpleDump
  [NONE] 
  [NONE] 
  [NONE] 
  [NONE] 
  [NONE] 
  [NONE] 
  [NONE] 
  [NONE] 

--------------------------------------------------------------------------------
Dump from Source/commands.cpp:92
Error type: SimpleDump
  [NONE] 
  [NONE] 
  [NONE] 
  [NONE] 
  [NONE] 
  [NONE] 
  [NONE] 
  [NONE] 

--------------------------------------------------------------------------------
Dump from Source/commands.cpp:92
Error type: SimpleDump
  [NONE] 
  [NONE] 
  [NONE] 
  [NONE] 
  [NONE] 
  [NONE] 
  [NONE] 
  [NONE] 

--------------------------------------------------------------------------------
Dump from Source/commands.cpp:92
Error type: SimpleDump
  [NONE] 
  [NONE] 
  [NONE] 
  [NONE] 
  [NONE] 
  [NONE] 
  [NONE] 
  [NONE] 

--------------------------------------------------------------------------------
Dump from Source/commands.cpp:92
Error type: SimpleDump
  [NONE] 
  [NONE] 
  [NONE] 
  [NONE] 
  [NONE] 
  [NONE] 
  [NONE] 
  [NONE] 

--------------------------------------------------------------------------------
Dump from Source/commands.cpp:92
Error type: SimpleDump
  [NONE] 
  [NONE] 
  [NONE] 
  [NONE] 
  [NONE] 
  [NONE] 
  [NONE] 
  [NONE] 

--------------------------------------------------------------------------------
Dump from Source/commands.cpp:92
Error type: SimpleDump
* [-4]
  [NONE] 
  [NONE] 
  [NONE] 
  [NONE] 
  [NONE] 
  [NONE] 
  [NONE] 

--------------------------------------------------------------------------------
Dump from Source/commands.cpp:92
Error type: SimpleDump
* [-4]
* [-4]
  [NONE] 
  [NONE] 
  [NONE] 
  [NONE] 
  [NONE] 
  [NONE] 

--------------------------------------------------------------------------------
Dump from Source/commands.cpp:92
Error type: SimpleDump
* [16]
  [NONE] 
  [NONE] 
  [NONE] 
  [NONE] 
  [NONE] 
  [NONE] 
  [NONE] 

--------------------------------------------------------------------------------
Dump from Source/commands.cpp:92
Error type: SimpleDump
* [16]
* [4]
  [NONE] 
  [NONE] 
  [NONE] 
  [NONE] 
  [NONE] 
  [NONE] 

--------------------------------------------------------------------------------
Dump from Source/commands.cpp:92
Error type: SimpleDump
* [16]
* [4]
* [1]
  [NONE] 
  [NONE] 
  [NONE] 
  [NONE] 
  [NONE] 

--------------------------------------------------------------------------------
Dump from Source/commands.cpp:92
Error type: SimpleDump
* [16]
* [4]
  [NONE] 
  [NONE] 
  [NONE] 
  [NONE] 
  [NONE] 
  [NONE] 

--------------------------------------------------------------------------------
Dump from Source/commands.cpp:92
Error type: SimpleDump
* [16]
* [4]
* [3]
  [NONE] 
  [NONE] 
  [NONE] 
  [NONE] 
  [NONE] 

--------------------------------------------------------------------------------
Dump from Source/commands.cpp:92
Error type: SimpleDump
* [16]
* [12]
  [NONE] 
  [NONE] 
  [NONE] 
  [NONE] 
  [NONE] 
  [NONE] 

--------------------------------------------------------------------------------
Dump from Source/commands.cpp:92
Error type: SimpleDump
* [4]
  [NONE] 
  [NONE] 
  [NONE] 
  [NONE] 
  [NONE] 
  [NONE] 
  [NONE] 

--------------------------------------------------------------------------------
Dump from Source/commands.cpp:92
Error type: SimpleDump
  [NONE] 
  [NONE] 
  [NONE] 
  [NONE] 
  [NONE] 
  [NONE] 
  [NONE] 
  [NONE] 

--------------------------------------------------------------------------------
Dump from Source/commands.cpp:92
Error type: SimpleDump
  [NONE] 
  [NONE] 
  [NONE] 
  [NONE] 
  [NONE] 
  [NONE] 
  [NONE] 
  [NONE] 

--------------------------------------------------------------------------------
Dump from Source/commands.cpp:92
Error type: SimpleDump
  [NONE] 
  [NONE] 
  [NONE] 
  [NONE] 
  [NONE] 
  [NONE] 
  [NONE] 
  [NONE] 

--------------------------------------------------------------------------------
Dump from Source/commands.cpp:92
Error type: SimpleDump
  [NONE] 
  [NONE] 
  [NONE] 
  [NONE] 
  [NONE] 
  [NONE] 
  [NONE] 
  [NONE] 

--------------------------------------------------------------------------------
Dump from Source/commands.cpp:92
Error type: SimpleDump
  [NONE] 
  [NONE] 
  [NONE] 
  [NONE] 
  [NONE] 
  [NONE] 
  [NONE] 
  [NONE] 

--------------------------------------------------------------------------------
Dump from Source/commands.cpp:92
Error type: SimpleDump
  [NONE] 
  [NONE] 
  [NONE] 
  [NONE] 
  [NONE] 
  [NONE] 
  [NONE] 
  [NONE] 

--------------------------------------------------------------------------------
Dump from Source/commands.cpp:92
Error type: SimpleDump
* [0]
  [NONE] 
  [NONE] 
  [NONE] 
  [NONE] 
  [NONE] 
  [NONE] 
  [NONE] 

--------------------------------------------------------------------------------
Dump from Source/commands.cpp:92
Error type: SimpleDump
* [0]
* [4]
  [NONE] 
  [NONE] 
  [NONE] 
  [NONE] 
  [NONE] 
  [NONE] 

--------------------------------------------------------------------------------
Dump from Source/commands.cpp:92
Error type: SimpleDump
  [NONE] 
  [NONE] 
  [NONE] 
  [NONE] 
  [NONE] 
  [NONE] 
  [NONE] 
  [NONE] 

--------------------------------------------------------------------------------
Dump from Source/commands.cpp:92
Error type: SimpleDump
* [2]
  [NONE] 
  [NONE] 
  [NONE] 
  [NONE] 
  [NONE] 
  [NONE] 
  [NONE] 

--------------------------------------------------------------------------------
Dump from Source/commands.cpp:92
Error type: SimpleDump
  [NONE] 
  [NONE] 
  [NONE] 
  [NONE] 
  [NONE] 
  [NONE] 
  [NONE] 
  [NONE] 

--------------------------------------------------------------------------------
Dump from Source/commands.cpp:92
Error type: SimpleDump
* [-4]
  [NONE] 
  [NONE] 
  [NONE] 
  [NONE] 
  [NONE] 
  [NONE] 
  [NONE] 

--------------------------------------------------------------------------------
Dump from Source/commands.cpp:92
Error type: SimpleDump
* [-4]
* [-1]
  [NONE] 
  [NONE] 
  [NONE] 
  [NONE] 
  [NONE] 
  [NONE] 

--------------------------------------------------------------------------------
Dump from Source/commands.cpp:92
Error type: SimpleDump
* [4]
  [NONE] 
  [NONE] 
  [NONE] 
  [NONE] 
  [NONE] 
  [NONE] 
  [NONE] 

--------------------------------------------------------------------------------
Dump from Source/commands.cpp:92
Error type: SimpleDump
* [4]
* [4]
  [NONE] 
  [NONE] 
  [NONE] 
  [NONE] 
  [NONE] 
  [NONE] 

--------------------------------------------------------------------------------
Dump from Source/commands.cpp:92
Error type: SimpleDump
* [4]
* [2]
  [NONE] 
  [NONE] 
  [NONE] 
  [NONE] 
  [NONE] 
  [NONE] 

--------------------------------------------------------------------------------
Dump from Source/commands.cpp:92
Error type: SimpleDump
* [6]
  [NONE] 
  [NONE] 
  [NONE] 
  [NONE] 
  [NONE] 
  [NONE] 
  [NONE] 

--------------------------------------------------------------------------------
Dump from Source/commands.cpp:92
Error type: SimpleDump
* [6]
* [2]
  [NONE] 
  [NONE] 
  [NONE] 
  [NONE] 
  [NONE] 
  [NONE] 

--------------------------------------------------------------------------------
Dump from Source/commands.cpp:92
Error type: SimpleDump
* [6]
* [2]
* [1]
  [NONE] 
  [NONE] 
  [NONE] 
  [NONE] 
  [NONE] 

--------------------------------------------------------------------------------
Dump from Source/commands.cpp:92
Error type: SimpleDump
* [6]
* [2]
  [NONE] 
  [NONE] 
  [NONE] 
  [NONE] 
  [NONE] 
  [NONE] 

--------------------------------------------------------------------------------
Dump from Source/commands.cpp:92
Error type: SimpleDump
* [3]
  [NONE] 
  [NONE] 
  [NONE] 
  [NONE] 
  [NONE] 
  [NONE] 
  [NONE] 

--------------------------------------------------------------------------------
Dump from Source/commands.cpp:92
Error type: SimpleDump
  [NONE] 
  [NONE] 
  [NONE] 
  [NONE] 
  [NONE] 
  [NONE] 
  [NONE] 
  [NONE] 

--------------------------------------------------------------------------------
Dump from Source/commands.cpp:92
Error type: SimpleDump
* [-4]
  [NONE] 
  [NONE] 
  [NONE] 
  [NONE] 
  [NONE] 
  [NONE] 
  [NONE] 

--------------------------------------------------------------------------------
Dump from Source/commands.cpp:92
Error type: SimpleDump
* [-4]
* [-1]
  [NONE] 
  [NONE] 
  [NONE] 
  [NONE] 
  [NONE] 
  [NONE] 

--------------------------------------------------------------------------------
Dump from Source/commands.cpp:92
Error type: SimpleDump
* [4]
  [NONE] 
  [NONE] 
  [NONE] 
  [NONE] 
  [NONE] 
  [NONE] 
  [NONE] 

--------------------------------------------------------------------------------
Dump from Source/commands.cpp:92
Error type: SimpleDump
* [4]
* [4]
  [NONE] 
  [NONE] 
  [NONE] 
  [NONE] 
  [NONE] 
  [NONE] 

--------------------------------------------------------------------------------
Dump from Source/commands.cpp:92
Error type: SimpleDump
* [4]
* [2]
  [NONE] 
  [NONE] 
  [NONE] 
  [NONE] 
  [NONE] 
  [NONE] 

--------------------------------------------------------------------------------
Dump from Source/commands.cpp:92
Error type: SimpleDump
* [2]
  [NONE] 
  [NONE] 
  [NONE] 
  [NONE] 
  [NONE] 
  [NONE] 
  [NONE] 

--------------------------------------------------------------------------------
Dump from Source/commands.cpp:92
Error type: SimpleDump
* [2]
* [2]
  [NONE] 
  [NONE] 
  [NONE] 
  [NONE] 
  [NONE] 
  [NONE] 

--------------------------------------------------------------------------------
Dump from Source/commands.cpp:92
Error type: SimpleDump
* [2]
* [2]
* [1]
  [NONE] 
  [NONE] 
  [NONE] 
  [NONE] 
  [NONE] 

--------------------------------------------------------------------------------
Dump from Source/commands.cpp:92
Error type: SimpleDump
* [2]
* [2]
  [NONE] 
  [NONE] 
  [NONE] 
  [NONE] 
  [NONE] 
  [NONE] 

--------------------------------------------------------------------------------
Dump from Source/commands.cpp:92
Error type: SimpleDump
* [1]
  [NONE] 
  [NONE] 
  [NONE] 
  [NONE] 
  [NONE] 
  [NONE] 
  [NONE] 

--------------------------------------------------------------------------------
Dump from Source/commands.cpp:92
Error type: SimpleDump
  [NONE] 
  [NONE] 
  [NONE] 
  [NONE] 
  [NONE] 
  [NONE] 
  [NONE] 
  [NONE] 

--------------------------------------------------------------------------------
Dump from Source/commands.cpp:92
Error type: SimpleDump
  [NONE] 
  [NONE] 
  [NONE] 
  [NONE] 
  [NONE] 
  [NONE] 
  [NONE] 
  [NONE] 

--------------------------------------------------------------------------------
